0 verbose cli /usr/local/bin/node /usr/local/bin/npm
1 info using npm@10.2.4
2 info using node@v20.11.1
3 timing npm:load:whichnode Completed in 1ms
4 timing config:load:defaults Completed in 1ms
5 timing config:load:file:/usr/local/lib/node_modules/npm/npmrc Completed in 0ms
6 timing config:load:builtin Completed in 0ms
7 timing config:load:cli Completed in 1ms
8 timing config:load:env Completed in 0ms
9 timing config:load:file:/Users/aashnakunkolienker/terminal_resume/.npmrc Completed in 0ms
10 timing config:load:project Completed in 0ms
11 timing config:load:file:/Users/aashnakunkolienker/.npmrc Completed in 2ms
12 timing config:load:user Completed in 2ms
13 timing config:load:file:/usr/local/etc/npmrc Completed in 0ms
14 timing config:load:global Completed in 0ms
15 timing config:load:setEnvs Completed in 1ms
16 timing config:load Completed in 7ms
17 timing npm:load:configload Completed in 7ms
18 timing config:load:flatten Completed in 1ms
19 timing npm:load:mkdirpcache Completed in 1ms
20 timing npm:load:mkdirplogs Completed in 0ms
21 verbose title npm install
22 verbose argv "install"
23 timing npm:load:setTitle Completed in 8ms
24 timing npm:load:display Completed in 1ms
25 verbose logfile logs-max:10 dir:/Users/aashnakunkolienker/terminal_resume/.npm-cache/_logs/2025-11-09T00_09_15_728Z-
26 verbose logfile /Users/aashnakunkolienker/terminal_resume/.npm-cache/_logs/2025-11-09T00_09_15_728Z-debug-0.log
27 timing npm:load:logFile Completed in 6ms
28 timing npm:load:timers Completed in 0ms
29 timing npm:load:configScope Completed in 0ms
30 timing npm:load Completed in 35ms
31 timing arborist:ctor Completed in 1ms
32 silly logfile done cleaning log files
33 timing idealTree Completed in 2ms
34 timing command:install Completed in 61ms
35 verbose stack JSONParseError: Unexpected token 'p', "package.json" is not valid JSON while parsing 'package.json'
35 verbose stack     at /usr/local/lib/node_modules/npm/node_modules/read-package-json-fast/lib/index.js:7:61
35 verbose stack     at async #initTree (/usr/local/lib/node_modules/npm/node_modules/@npmcli/arborist/lib/arborist/build-ideal-tree.js:280:21)
35 verbose stack     at async Arborist.buildIdealTree (/usr/local/lib/node_modules/npm/node_modules/@npmcli/arborist/lib/arborist/build-ideal-tree.js:193:7)
35 verbose stack     at async Promise.all (index 1)
35 verbose stack     at async Arborist.reify (/usr/local/lib/node_modules/npm/node_modules/@npmcli/arborist/lib/arborist/reify.js:159:5)
35 verbose stack     at async Install.exec (/usr/local/lib/node_modules/npm/lib/commands/install.js:152:5)
35 verbose stack     at async module.exports (/usr/local/lib/node_modules/npm/lib/cli-entry.js:61:5)
36 verbose cwd /Users/aashnakunkolienker/terminal_resume
37 verbose Darwin 23.0.0
38 verbose node v20.11.1
39 verbose npm  v10.2.4
40 error code EJSONPARSE
41 error path /Users/aashnakunkolienker/terminal_resume/package.json
42 error JSON.parse Unexpected token 'p', "package.json" is not valid JSON while parsing 'package.json'
43 error JSON.parse Failed to parse JSON data.
43 error JSON.parse Note: package.json must be actual JSON, not just JavaScript.
44 verbose exit 1
45 timing npm Completed in 285ms
46 verbose unfinished npm timer reify 1762646955952
47 verbose unfinished npm timer reify:loadTrees 1762646956008
48 verbose unfinished npm timer idealTree:init 1762646956009
49 verbose code 1
50 error A complete log of this run can be found in: /Users/aashnakunkolienker/terminal_resume/.npm-cache/_logs/2025-11-09T00_09_15_728Z-debug-0.log
