0 verbose cli /usr/local/bin/node /usr/local/bin/npm
1 info using npm@10.2.4
2 info using node@v20.11.1
3 timing npm:load:whichnode Completed in 1ms
4 timing config:load:defaults Completed in 1ms
5 timing config:load:file:/usr/local/lib/node_modules/npm/npmrc Completed in 1ms
6 timing config:load:builtin Completed in 1ms
7 timing config:load:cli Completed in 1ms
8 timing config:load:env Completed in 0ms
9 timing config:load:file:/Users/aashnakunkolienker/terminal_resume/.npmrc Completed in 0ms
10 timing config:load:project Completed in 1ms
11 timing config:load:file:/Users/aashnakunkolienker/.npmrc Completed in 1ms
12 timing config:load:user Completed in 1ms
13 timing config:load:file:/usr/local/etc/npmrc Completed in 0ms
14 timing config:load:global Completed in 0ms
15 timing config:load:setEnvs Completed in 1ms
16 timing config:load Completed in 6ms
17 timing npm:load:configload Completed in 6ms
18 timing config:load:flatten Completed in 2ms
19 timing npm:load:mkdirpcache Completed in 0ms
20 timing npm:load:mkdirplogs Completed in 0ms
21 verbose title npm install
22 verbose argv "install"
23 timing npm:load:setTitle Completed in 8ms
24 timing npm:load:display Completed in 1ms
25 verbose logfile logs-max:10 dir:/Users/aashnakunkolienker/terminal_resume/.npm-cache/_logs/2025-11-09T00_09_43_305Z-
26 verbose logfile /Users/aashnakunkolienker/terminal_resume/.npm-cache/_logs/2025-11-09T00_09_43_305Z-debug-0.log
27 timing npm:load:logFile Completed in 7ms
28 timing npm:load:timers Completed in 0ms
29 timing npm:load:configScope Completed in 0ms
30 timing npm:load Completed in 36ms
31 timing arborist:ctor Completed in 1ms
32 silly logfile done cleaning log files
33 timing arborist:ctor Completed in 0ms
34 timing idealTree:init Completed in 8ms
35 timing idealTree:userRequests Completed in 1ms
36 silly idealTree buildDeps
37 silly fetch manifest cors@^2.8.5
38 http fetch GET 200 https://registry.npmjs.org/cors 196ms (cache miss)
39 silly fetch manifest dotenv@^16.4.0
40 http fetch GET 200 https://registry.npmjs.org/dotenv 99ms (cache miss)
41 silly fetch manifest express@^4.18.2
42 http fetch GET 200 https://registry.npmjs.org/npm 468ms (cache miss)
43 http fetch GET 200 https://registry.npmjs.org/express 122ms (cache miss)
44 silly fetch manifest node-fetch@^3.3.2
45 http fetch GET 200 https://registry.npmjs.org/node-fetch 72ms (cache miss)
46 silly placeDep ROOT cors@2.8.5 OK for: terminal-resume@1.0.0 want: ^2.8.5
47 silly fetch manifest vary@^1
48 silly fetch manifest object-assign@^4
49 silly placeDep ROOT dotenv@16.6.1 OK for: terminal-resume@1.0.0 want: ^16.4.0
50 silly placeDep ROOT express@4.21.2 OK for: terminal-resume@1.0.0 want: ^4.18.2
51 silly fetch manifest qs@6.13.0
52 silly fetch manifest depd@2.0.0
53 silly fetch manifest etag@~1.8.1
54 silly fetch manifest send@0.19.0
55 silly fetch manifest vary@~1.1.2
56 silly fetch manifest debug@2.6.9
57 silly fetch manifest fresh@0.5.2
58 silly fetch manifest cookie@0.7.1
59 silly fetch manifest accepts@~1.3.8
60 silly fetch manifest methods@~1.1.2
61 silly fetch manifest type-is@~1.6.18
62 silly fetch manifest parseurl@~1.3.3
63 silly fetch manifest statuses@2.0.1
64 silly fetch manifest encodeurl@~2.0.0
65 silly fetch manifest proxy-addr@~2.0.7
66 silly fetch manifest body-parser@1.20.3
67 silly fetch manifest escape-html@~1.0.3
68 silly fetch manifest http-errors@2.0.0
69 silly fetch manifest on-finished@2.4.1
70 silly fetch manifest safe-buffer@5.2.1
71 silly fetch manifest utils-merge@1.0.1
72 silly fetch manifest content-type@~1.0.4
73 silly fetch manifest finalhandler@1.3.1
74 silly fetch manifest range-parser@~1.2.1
75 silly fetch manifest serve-static@1.16.2
76 silly fetch manifest array-flatten@1.1.1
77 silly fetch manifest path-to-regexp@0.1.12
78 silly fetch manifest setprototypeof@1.2.0
79 silly fetch manifest cookie-signature@1.0.6
80 silly fetch manifest merge-descriptors@1.0.3
81 silly fetch manifest content-disposition@0.5.4
82 silly placeDep ROOT node-fetch@3.3.2 OK for: terminal-resume@1.0.0 want: ^3.3.2
83 silly fetch manifest data-uri-to-buffer@^4.0.0
84 silly fetch manifest fetch-blob@^3.1.4
85 silly fetch manifest formdata-polyfill@^4.0.10
86 http fetch GET 200 https://registry.npmjs.org/vary 102ms (cache miss)
87 http fetch GET 200 https://registry.npmjs.org/object-assign 103ms (cache miss)
88 http fetch GET 200 https://registry.npmjs.org/methods 310ms (cache miss)
89 http fetch GET 200 https://registry.npmjs.org/array-flatten 304ms (cache miss)
90 http fetch GET 200 https://registry.npmjs.org/path-to-regexp 304ms (cache miss)
91 http fetch GET 200 https://registry.npmjs.org/content-type 312ms (cache miss)
92 http fetch GET 200 https://registry.npmjs.org/formdata-polyfill 308ms (cache miss)
93 http fetch GET 200 https://registry.npmjs.org/cookie-signature 319ms (cache miss)
94 http fetch GET 200 https://registry.npmjs.org/body-parser 326ms (cache miss)
95 http fetch GET 200 https://registry.npmjs.org/vary 379ms (cache miss)
96 http fetch GET 200 https://registry.npmjs.org/escape-html 375ms (cache miss)
97 http fetch GET 200 https://registry.npmjs.org/merge-descriptors 371ms (cache miss)
98 http fetch GET 200 https://registry.npmjs.org/on-finished 376ms (cache miss)
99 http fetch GET 200 https://registry.npmjs.org/utils-merge 375ms (cache miss)
100 http fetch GET 200 https://registry.npmjs.org/setprototypeof 373ms (cache miss)
101 http fetch GET 200 https://registry.npmjs.org/encodeurl 381ms (cache miss)
102 http fetch GET 200 https://registry.npmjs.org/type-is 382ms (cache miss)
103 http fetch GET 200 https://registry.npmjs.org/proxy-addr 381ms (cache miss)
104 http fetch GET 200 https://registry.npmjs.org/content-disposition 374ms (cache miss)
105 http fetch GET 200 https://registry.npmjs.org/range-parser 376ms (cache miss)
106 http fetch GET 200 https://registry.npmjs.org/depd 385ms (cache miss)
107 http fetch GET 200 https://registry.npmjs.org/fresh 385ms (cache miss)
108 http fetch GET 200 https://registry.npmjs.org/parseurl 384ms (cache miss)
109 http fetch GET 200 https://registry.npmjs.org/statuses 384ms (cache miss)
110 http fetch GET 200 https://registry.npmjs.org/etag 387ms (cache miss)
111 http fetch GET 200 https://registry.npmjs.org/safe-buffer 380ms (cache miss)
112 http fetch GET 200 https://registry.npmjs.org/data-uri-to-buffer 375ms (cache miss)
113 http fetch GET 200 https://registry.npmjs.org/finalhandler 380ms (cache miss)
114 http fetch GET 200 https://registry.npmjs.org/http-errors 383ms (cache miss)
115 http fetch GET 200 https://registry.npmjs.org/cookie 387ms (cache miss)
116 http fetch GET 200 https://registry.npmjs.org/accepts 388ms (cache miss)
117 http fetch GET 200 https://registry.npmjs.org/send 391ms (cache miss)
118 http fetch GET 200 https://registry.npmjs.org/serve-static 382ms (cache miss)
119 http fetch GET 200 https://registry.npmjs.org/fetch-blob 381ms (cache miss)
120 http fetch GET 200 https://registry.npmjs.org/debug 394ms (cache miss)
121 http fetch GET 200 https://registry.npmjs.org/qs 401ms (cache miss)
122 timing idealTree:#root Completed in 911ms
123 silly placeDep ROOT object-assign@4.1.1 OK for: cors@2.8.5 want: ^4
124 silly placeDep ROOT vary@1.1.2 OK for: cors@2.8.5 want: ^1
125 timing idealTree:node_modules/cors Completed in 2ms
126 timing idealTree:node_modules/dotenv Completed in 0ms
127 silly placeDep ROOT accepts@1.3.8 OK for: express@4.21.2 want: ~1.3.8
128 silly fetch manifest mime-types@~2.1.34
129 silly fetch manifest negotiator@0.6.3
130 silly placeDep ROOT array-flatten@1.1.1 OK for: express@4.21.2 want: 1.1.1
131 silly placeDep ROOT body-parser@1.20.3 OK for: express@4.21.2 want: 1.20.3
132 silly fetch manifest bytes@3.1.2
133 silly fetch manifest unpipe@1.0.0
134 silly fetch manifest destroy@1.2.0
135 silly fetch manifest raw-body@2.5.2
136 silly fetch manifest iconv-lite@0.4.24
137 silly fetch manifest content-type@~1.0.5
138 silly placeDep ROOT content-disposition@0.5.4 OK for: express@4.21.2 want: 0.5.4
139 silly placeDep ROOT content-type@1.0.5 OK for: express@4.21.2 want: ~1.0.4
140 silly placeDep ROOT cookie@0.7.1 OK for: express@4.21.2 want: 0.7.1
141 silly placeDep ROOT cookie-signature@1.0.6 OK for: express@4.21.2 want: 1.0.6
142 silly placeDep ROOT debug@2.6.9 OK for: express@4.21.2 want: 2.6.9
143 silly fetch manifest ms@2.0.0
144 silly placeDep ROOT depd@2.0.0 OK for: express@4.21.2 want: 2.0.0
145 silly placeDep ROOT encodeurl@2.0.0 OK for: express@4.21.2 want: ~2.0.0
146 silly placeDep ROOT escape-html@1.0.3 OK for: express@4.21.2 want: ~1.0.3
147 silly placeDep ROOT etag@1.8.1 OK for: express@4.21.2 want: ~1.8.1
148 silly placeDep ROOT finalhandler@1.3.1 OK for: express@4.21.2 want: 1.3.1
149 silly fetch manifest unpipe@~1.0.0
150 silly placeDep ROOT fresh@0.5.2 OK for: express@4.21.2 want: 0.5.2
151 silly placeDep ROOT http-errors@2.0.0 OK for: express@4.21.2 want: 2.0.0
152 silly fetch manifest inherits@2.0.4
153 silly fetch manifest toidentifier@1.0.1
154 silly placeDep ROOT merge-descriptors@1.0.3 OK for: express@4.21.2 want: 1.0.3
155 silly placeDep ROOT methods@1.1.2 OK for: express@4.21.2 want: ~1.1.2
156 silly placeDep ROOT on-finished@2.4.1 OK for: express@4.21.2 want: 2.4.1
157 silly fetch manifest ee-first@1.1.1
158 silly placeDep ROOT parseurl@1.3.3 OK for: express@4.21.2 want: ~1.3.3
159 silly placeDep ROOT path-to-regexp@0.1.12 OK for: express@4.21.2 want: 0.1.12
160 silly placeDep ROOT proxy-addr@2.0.7 OK for: express@4.21.2 want: ~2.0.7
161 silly fetch manifest forwarded@0.2.0
162 silly fetch manifest ipaddr.js@1.9.1
163 silly placeDep ROOT qs@6.13.0 OK for: express@4.21.2 want: 6.13.0
164 silly fetch manifest side-channel@^1.0.6
165 silly placeDep ROOT range-parser@1.2.1 OK for: express@4.21.2 want: ~1.2.1
166 silly placeDep ROOT safe-buffer@5.2.1 OK for: express@4.21.2 want: 5.2.1
167 silly placeDep ROOT send@0.19.0 OK for: express@4.21.2 want: 0.19.0
168 silly fetch manifest ms@2.1.3
169 silly fetch manifest mime@1.6.0
170 silly fetch manifest encodeurl@~1.0.2
171 silly placeDep ROOT serve-static@1.16.2 OK for: express@4.21.2 want: 1.16.2
172 silly placeDep ROOT setprototypeof@1.2.0 OK for: express@4.21.2 want: 1.2.0
173 silly placeDep ROOT statuses@2.0.1 OK for: express@4.21.2 want: 2.0.1
174 silly placeDep ROOT type-is@1.6.18 OK for: express@4.21.2 want: ~1.6.18
175 silly fetch manifest mime-types@~2.1.24
176 silly fetch manifest media-typer@0.3.0
177 silly placeDep ROOT utils-merge@1.0.1 OK for: express@4.21.2 want: 1.0.1
178 http fetch GET 200 https://registry.npmjs.org/bytes 116ms (cache miss)
179 http fetch GET 200 https://registry.npmjs.org/mime-types 119ms (cache miss)
180 http fetch GET 200 https://registry.npmjs.org/unpipe 131ms (cache miss)
181 http fetch GET 200 https://registry.npmjs.org/negotiator 133ms (cache miss)
182 http fetch GET 200 https://registry.npmjs.org/unpipe 267ms (cache miss)
183 http fetch GET 200 https://registry.npmjs.org/media-typer 282ms (cache miss)
184 http fetch GET 200 https://registry.npmjs.org/destroy 303ms (cache miss)
185 http fetch GET 200 https://registry.npmjs.org/side-channel 289ms (cache miss)
186 http fetch GET 200 https://registry.npmjs.org/raw-body 303ms (cache miss)
187 http fetch GET 200 https://registry.npmjs.org/ipaddr.js 292ms (cache miss)
188 http fetch GET 200 https://registry.npmjs.org/toidentifier 297ms (cache miss)
189 http fetch GET 200 https://registry.npmjs.org/inherits 297ms (cache miss)
190 http fetch GET 200 https://registry.npmjs.org/mime 291ms (cache miss)
191 http fetch GET 200 https://registry.npmjs.org/forwarded 306ms (cache miss)
192 http fetch GET 200 https://registry.npmjs.org/ms 303ms (cache miss)
193 http fetch GET 200 https://registry.npmjs.org/iconv-lite 318ms (cache miss)
194 http fetch GET 200 https://registry.npmjs.org/mime-types 299ms (cache miss)
195 http fetch GET 200 https://registry.npmjs.org/ms 337ms (cache miss)
196 http fetch GET 200 https://registry.npmjs.org/ee-first 332ms (cache miss)
197 timing idealTree:node_modules/express Completed in 354ms
198 silly placeDep ROOT mime-types@2.1.35 OK for: accepts@1.3.8 want: ~2.1.34
199 silly fetch manifest mime-db@1.52.0
200 silly placeDep ROOT negotiator@0.6.3 OK for: accepts@1.3.8 want: 0.6.3
201 http fetch GET 200 https://registry.npmjs.org/mime-db 135ms (cache miss)
202 timing idealTree:node_modules/accepts Completed in 137ms
203 timing idealTree:node_modules/array-flatten Completed in 0ms
204 silly placeDep ROOT bytes@3.1.2 OK for: body-parser@1.20.3 want: 3.1.2
205 silly placeDep ROOT destroy@1.2.0 OK for: body-parser@1.20.3 want: 1.2.0
206 silly placeDep ROOT iconv-lite@0.4.24 OK for: body-parser@1.20.3 want: 0.4.24
207 silly fetch manifest safer-buffer@>= 2.1.2 < 3
208 silly placeDep ROOT raw-body@2.5.2 OK for: body-parser@1.20.3 want: 2.5.2
209 silly placeDep ROOT unpipe@1.0.0 OK for: body-parser@1.20.3 want: 1.0.0
210 http fetch GET 200 https://registry.npmjs.org/safer-buffer 96ms (cache miss)
211 timing idealTree:node_modules/body-parser Completed in 98ms
212 timing idealTree:node_modules/bytes Completed in 0ms
213 timing idealTree:node_modules/content-disposition Completed in 0ms
214 timing idealTree:node_modules/content-type Completed in 0ms
215 timing idealTree:node_modules/cookie Completed in 0ms
216 timing idealTree:node_modules/cookie-signature Completed in 0ms
217 silly placeDep ROOT ms@2.0.0 OK for: debug@2.6.9 want: 2.0.0
218 timing idealTree:node_modules/debug Completed in 1ms
219 timing idealTree:node_modules/depd Completed in 0ms
220 timing idealTree:node_modules/destroy Completed in 0ms
221 timing idealTree:node_modules/encodeurl Completed in 0ms
222 timing idealTree:node_modules/escape-html Completed in 0ms
223 timing idealTree:node_modules/etag Completed in 0ms
224 timing idealTree:node_modules/finalhandler Completed in 0ms
225 timing idealTree:node_modules/fresh Completed in 0ms
226 silly placeDep ROOT inherits@2.0.4 OK for: http-errors@2.0.0 want: 2.0.4
227 silly placeDep ROOT toidentifier@1.0.1 OK for: http-errors@2.0.0 want: 1.0.1
228 timing idealTree:node_modules/http-errors Completed in 1ms
229 silly placeDep ROOT safer-buffer@2.1.2 OK for: iconv-lite@0.4.24 want: >= 2.1.2 < 3
230 timing idealTree:node_modules/iconv-lite Completed in 1ms
231 timing idealTree:node_modules/inherits Completed in 0ms
232 timing idealTree:node_modules/merge-descriptors Completed in 0ms
233 timing idealTree:node_modules/methods Completed in 0ms
234 silly placeDep ROOT mime-db@1.52.0 OK for: mime-types@2.1.35 want: 1.52.0
235 timing idealTree:node_modules/mime-types Completed in 0ms
236 timing idealTree:node_modules/mime-db Completed in 0ms
237 timing idealTree:node_modules/ms Completed in 0ms
238 timing idealTree:node_modules/negotiator Completed in 0ms
239 silly placeDep ROOT data-uri-to-buffer@4.0.1 OK for: node-fetch@3.3.2 want: ^4.0.0
240 silly placeDep ROOT fetch-blob@3.2.0 OK for: node-fetch@3.3.2 want: ^3.1.4
241 silly fetch manifest node-domexception@^1.0.0
242 silly fetch manifest web-streams-polyfill@^3.0.3
243 silly placeDep ROOT formdata-polyfill@4.0.10 OK for: node-fetch@3.3.2 want: ^4.0.10
244 http fetch GET 200 https://registry.npmjs.org/web-streams-polyfill 99ms (cache miss)
245 http fetch GET 200 https://registry.npmjs.org/node-domexception 148ms (cache miss)
246 timing idealTree:node_modules/node-fetch Completed in 151ms
247 timing idealTree:node_modules/data-uri-to-buffer Completed in 0ms
248 silly placeDep ROOT node-domexception@1.0.0 OK for: fetch-blob@3.2.0 want: ^1.0.0
249 silly placeDep ROOT web-streams-polyfill@3.3.3 OK for: fetch-blob@3.2.0 want: ^3.0.3
250 timing idealTree:node_modules/fetch-blob Completed in 1ms
251 timing idealTree:node_modules/formdata-polyfill Completed in 0ms
252 timing idealTree:node_modules/node-domexception Completed in 0ms
253 timing idealTree:node_modules/object-assign Completed in 0ms
254 silly placeDep ROOT ee-first@1.1.1 OK for: on-finished@2.4.1 want: 1.1.1
255 timing idealTree:node_modules/on-finished Completed in 3ms
256 timing idealTree:node_modules/ee-first Completed in 0ms
257 timing idealTree:node_modules/parseurl Completed in 0ms
258 timing idealTree:node_modules/path-to-regexp Completed in 0ms
259 silly placeDep ROOT forwarded@0.2.0 OK for: proxy-addr@2.0.7 want: 0.2.0
260 silly placeDep ROOT ipaddr.js@1.9.1 OK for: proxy-addr@2.0.7 want: 1.9.1
261 timing idealTree:node_modules/proxy-addr Completed in 1ms
262 timing idealTree:node_modules/forwarded Completed in 0ms
263 timing idealTree:node_modules/ipaddr.js Completed in 0ms
264 silly placeDep ROOT side-channel@1.1.0 OK for: qs@6.13.0 want: ^1.0.6
265 silly fetch manifest es-errors@^1.3.0
266 silly fetch manifest object-inspect@^1.13.3
267 silly fetch manifest side-channel-list@^1.0.0
268 silly fetch manifest side-channel-map@^1.0.1
269 silly fetch manifest side-channel-weakmap@^1.0.2
270 http fetch GET 200 https://registry.npmjs.org/side-channel-map 78ms (cache miss)
271 http fetch GET 200 https://registry.npmjs.org/es-errors 79ms (cache miss)
272 http fetch GET 200 https://registry.npmjs.org/side-channel-weakmap 78ms (cache miss)
273 http fetch GET 200 https://registry.npmjs.org/side-channel-list 79ms (cache miss)
274 http fetch GET 200 https://registry.npmjs.org/object-inspect 80ms (cache miss)
275 timing idealTree:node_modules/qs Completed in 82ms
276 timing idealTree:node_modules/range-parser Completed in 0ms
277 timing idealTree:node_modules/raw-body Completed in 0ms
278 timing idealTree:node_modules/safe-buffer Completed in 0ms
279 timing idealTree:node_modules/safer-buffer Completed in 0ms
280 silly placeDep node_modules/send encodeurl@1.0.2 OK for: send@0.19.0 want: ~1.0.2
281 silly placeDep ROOT mime@1.6.0 OK for: send@0.19.0 want: 1.6.0
282 silly placeDep node_modules/send ms@2.1.3 OK for: send@0.19.0 want: 2.1.3
283 timing idealTree:node_modules/send Completed in 2ms
284 timing idealTree:node_modules/mime Completed in 0ms
285 timing idealTree:node_modules/serve-static Completed in 0ms
286 timing idealTree:node_modules/setprototypeof Completed in 0ms
287 silly placeDep ROOT es-errors@1.3.0 OK for: side-channel@1.1.0 want: ^1.3.0
288 silly placeDep ROOT object-inspect@1.13.4 OK for: side-channel@1.1.0 want: ^1.13.3
289 silly placeDep ROOT side-channel-list@1.0.0 OK for: side-channel@1.1.0 want: ^1.0.0
290 silly placeDep ROOT side-channel-map@1.0.1 OK for: side-channel@1.1.0 want: ^1.0.1
291 silly fetch manifest call-bound@^1.0.2
292 silly fetch manifest get-intrinsic@^1.2.5
293 silly placeDep ROOT side-channel-weakmap@1.0.2 OK for: side-channel@1.1.0 want: ^1.0.2
294 http fetch GET 200 https://registry.npmjs.org/get-intrinsic 92ms (cache miss)
295 http fetch GET 200 https://registry.npmjs.org/call-bound 208ms (cache miss)
296 timing idealTree:node_modules/side-channel Completed in 211ms
297 timing idealTree:node_modules/es-errors Completed in 0ms
298 timing idealTree:node_modules/object-inspect Completed in 0ms
299 timing idealTree:node_modules/side-channel-list Completed in 0ms
300 silly placeDep ROOT call-bound@1.0.4 OK for: side-channel-map@1.0.1 want: ^1.0.2
301 silly fetch manifest call-bind-apply-helpers@^1.0.2
302 silly fetch manifest get-intrinsic@^1.3.0
303 silly placeDep ROOT get-intrinsic@1.3.0 OK for: side-channel-map@1.0.1 want: ^1.2.5
304 silly fetch manifest gopd@^1.2.0
305 silly fetch manifest hasown@^2.0.2
306 silly fetch manifest get-proto@^1.0.1
307 silly fetch manifest has-symbols@^1.1.0
308 silly fetch manifest function-bind@^1.1.2
309 silly fetch manifest es-object-atoms@^1.1.1
310 silly fetch manifest math-intrinsics@^1.1.0
311 silly fetch manifest es-define-property@^1.0.1
312 http fetch GET 200 https://registry.npmjs.org/hasown 66ms (cache miss)
313 http fetch GET 200 https://registry.npmjs.org/gopd 81ms (cache miss)
314 http fetch GET 200 https://registry.npmjs.org/es-object-atoms 79ms (cache miss)
315 http fetch GET 200 https://registry.npmjs.org/get-proto 80ms (cache miss)
316 http fetch GET 200 https://registry.npmjs.org/math-intrinsics 80ms (cache miss)
317 http fetch GET 200 https://registry.npmjs.org/es-define-property 80ms (cache miss)
318 http fetch GET 200 https://registry.npmjs.org/call-bind-apply-helpers 83ms (cache miss)
319 http fetch GET 200 https://registry.npmjs.org/has-symbols 81ms (cache miss)
320 http fetch GET 200 https://registry.npmjs.org/function-bind 109ms (cache miss)
321 timing idealTree:node_modules/side-channel-map Completed in 113ms
322 silly placeDep ROOT call-bind-apply-helpers@1.0.2 OK for: call-bound@1.0.4 want: ^1.0.2
323 timing idealTree:node_modules/call-bound Completed in 1ms
324 silly placeDep ROOT function-bind@1.1.2 OK for: call-bind-apply-helpers@1.0.2 want: ^1.1.2
325 timing idealTree:node_modules/call-bind-apply-helpers Completed in 0ms
326 timing idealTree:node_modules/function-bind Completed in 0ms
327 silly placeDep ROOT es-define-property@1.0.1 OK for: get-intrinsic@1.3.0 want: ^1.0.1
328 silly placeDep ROOT es-object-atoms@1.1.1 OK for: get-intrinsic@1.3.0 want: ^1.1.1
329 silly placeDep ROOT get-proto@1.0.1 OK for: get-intrinsic@1.3.0 want: ^1.0.1
330 silly fetch manifest dunder-proto@^1.0.1
331 silly placeDep ROOT gopd@1.2.0 OK for: get-intrinsic@1.3.0 want: ^1.2.0
332 silly placeDep ROOT has-symbols@1.1.0 OK for: get-intrinsic@1.3.0 want: ^1.1.0
333 silly placeDep ROOT hasown@2.0.2 OK for: get-intrinsic@1.3.0 want: ^2.0.2
334 silly placeDep ROOT math-intrinsics@1.1.0 OK for: get-intrinsic@1.3.0 want: ^1.1.0
335 http fetch GET 200 https://registry.npmjs.org/dunder-proto 188ms (cache miss)
336 timing idealTree:node_modules/get-intrinsic Completed in 190ms
337 timing idealTree:node_modules/es-define-property Completed in 0ms
338 timing idealTree:node_modules/es-object-atoms Completed in 0ms
339 silly placeDep ROOT dunder-proto@1.0.1 OK for: get-proto@1.0.1 want: ^1.0.1
340 timing idealTree:node_modules/get-proto Completed in 1ms
341 timing idealTree:node_modules/dunder-proto Completed in 0ms
342 timing idealTree:node_modules/gopd Completed in 0ms
343 timing idealTree:node_modules/has-symbols Completed in 0ms
344 timing idealTree:node_modules/hasown Completed in 0ms
345 timing idealTree:node_modules/math-intrinsics Completed in 0ms
346 timing idealTree:node_modules/side-channel-weakmap Completed in 0ms
347 timing idealTree:node_modules/statuses Completed in 0ms
348 timing idealTree:node_modules/toidentifier Completed in 0ms
349 silly placeDep ROOT media-typer@0.3.0 OK for: type-is@1.6.18 want: 0.3.0
350 timing idealTree:node_modules/type-is Completed in 2ms
351 timing idealTree:node_modules/media-typer Completed in 0ms
352 timing idealTree:node_modules/unpipe Completed in 0ms
353 timing idealTree:node_modules/utils-merge Completed in 0ms
354 timing idealTree:node_modules/vary Completed in 0ms
355 timing idealTree:node_modules/web-streams-polyfill Completed in 0ms
356 timing idealTree:node_modules/send/node_modules/encodeurl Completed in 0ms
357 timing idealTree:node_modules/send/node_modules/ms Completed in 0ms
358 timing idealTree:buildDeps Completed in 2265ms
359 timing idealTree:fixDepFlags Completed in 1ms
360 timing idealTree Completed in 2278ms
361 timing reify:loadTrees Completed in 2278ms
362 timing reify:diffTrees Completed in 2ms
363 silly reify moves {}
364 timing reify:retireShallow Completed in 6ms
365 timing reify:createSparse Completed in 14ms
366 timing reify:loadBundles Completed in 0ms
367 silly audit bulk request {
367 silly audit   cors: [ '2.8.5' ],
367 silly audit   dotenv: [ '16.6.1' ],
367 silly audit   express: [ '4.21.2' ],
367 silly audit   'node-fetch': [ '3.3.2' ],
367 silly audit   'object-assign': [ '4.1.1' ],
367 silly audit   vary: [ '1.1.2' ],
367 silly audit   accepts: [ '1.3.8' ],
367 silly audit   'array-flatten': [ '1.1.1' ],
367 silly audit   'body-parser': [ '1.20.3' ],
367 silly audit   'content-disposition': [ '0.5.4' ],
367 silly audit   'content-type': [ '1.0.5' ],
367 silly audit   cookie: [ '0.7.1' ],
367 silly audit   'cookie-signature': [ '1.0.6' ],
367 silly audit   debug: [ '2.6.9' ],
367 silly audit   depd: [ '2.0.0' ],
367 silly audit   encodeurl: [ '2.0.0', '1.0.2' ],
367 silly audit   'escape-html': [ '1.0.3' ],
367 silly audit   etag: [ '1.8.1' ],
367 silly audit   finalhandler: [ '1.3.1' ],
367 silly audit   fresh: [ '0.5.2' ],
367 silly audit   'http-errors': [ '2.0.0' ],
367 silly audit   'merge-descriptors': [ '1.0.3' ],
367 silly audit   methods: [ '1.1.2' ],
367 silly audit   'on-finished': [ '2.4.1' ],
367 silly audit   parseurl: [ '1.3.3' ],
367 silly audit   'path-to-regexp': [ '0.1.12' ],
367 silly audit   'proxy-addr': [ '2.0.7' ],
367 silly audit   qs: [ '6.13.0' ],
367 silly audit   'range-parser': [ '1.2.1' ],
367 silly audit   'safe-buffer': [ '5.2.1' ],
367 silly audit   send: [ '0.19.0' ],
367 silly audit   'serve-static': [ '1.16.2' ],
367 silly audit   setprototypeof: [ '1.2.0' ],
367 silly audit   statuses: [ '2.0.1' ],
367 silly audit   'type-is': [ '1.6.18' ],
367 silly audit   'utils-merge': [ '1.0.1' ],
367 silly audit   'mime-types': [ '2.1.35' ],
367 silly audit   negotiator: [ '0.6.3' ],
367 silly audit   bytes: [ '3.1.2' ],
367 silly audit   destroy: [ '1.2.0' ],
367 silly audit   'iconv-lite': [ '0.4.24' ],
367 silly audit   'raw-body': [ '2.5.2' ],
367 silly audit   unpipe: [ '1.0.0' ],
367 silly audit   ms: [ '2.0.0', '2.1.3' ],
367 silly audit   inherits: [ '2.0.4' ],
367 silly audit   toidentifier: [ '1.0.1' ],
367 silly audit   'safer-buffer': [ '2.1.2' ],
367 silly audit   'mime-db': [ '1.52.0' ],
367 silly audit   'data-uri-to-buffer': [ '4.0.1' ],
367 silly audit   'fetch-blob': [ '3.2.0' ],
367 silly audit   'formdata-polyfill': [ '4.0.10' ],
367 silly audit   'node-domexception': [ '1.0.0' ],
367 silly audit   'web-streams-polyfill': [ '3.3.3' ],
367 silly audit   'ee-first': [ '1.1.1' ],
367 silly audit   forwarded: [ '0.2.0' ],
367 silly audit   'ipaddr.js': [ '1.9.1' ],
367 silly audit   'side-channel': [ '1.1.0' ],
367 silly audit   mime: [ '1.6.0' ],
367 silly audit   'es-errors': [ '1.3.0' ],
367 silly audit   'object-inspect': [ '1.13.4' ],
367 silly audit   'side-channel-list': [ '1.0.0' ],
367 silly audit   'side-channel-map': [ '1.0.1' ],
367 silly audit   'side-channel-weakmap': [ '1.0.2' ],
367 silly audit   'call-bound': [ '1.0.4' ],
367 silly audit   'get-intrinsic': [ '1.3.0' ],
367 silly audit   'call-bind-apply-helpers': [ '1.0.2' ],
367 silly audit   'function-bind': [ '1.1.2' ],
367 silly audit   'es-define-property': [ '1.0.1' ],
367 silly audit   'es-object-atoms': [ '1.1.1' ],
367 silly audit   'get-proto': [ '1.0.1' ],
367 silly audit   gopd: [ '1.2.0' ],
367 silly audit   'has-symbols': [ '1.1.0' ],
367 silly audit   hasown: [ '2.0.2' ],
367 silly audit   'math-intrinsics': [ '1.1.0' ],
367 silly audit   'dunder-proto': [ '1.0.1' ],
367 silly audit   'media-typer': [ '0.3.0' ]
367 silly audit }
368 silly tarball no local data for hasown@https://registry.npmjs.org/hasown/-/hasown-2.0.2.tgz. Extracting by manifest.
369 silly tarball no local data for media-typer@https://registry.npmjs.org/media-typer/-/media-typer-0.3.0.tgz. Extracting by manifest.
370 silly tarball no local data for dunder-proto@https://registry.npmjs.org/dunder-proto/-/dunder-proto-1.0.1.tgz. Extracting by manifest.
371 silly tarball no local data for math-intrinsics@https://registry.npmjs.org/math-intrinsics/-/math-intrinsics-1.1.0.tgz. Extracting by manifest.
372 silly tarball no local data for has-symbols@https://registry.npmjs.org/has-symbols/-/has-symbols-1.1.0.tgz. Extracting by manifest.
373 silly tarball no local data for get-proto@https://registry.npmjs.org/get-proto/-/get-proto-1.0.1.tgz. Extracting by manifest.
374 silly tarball no local data for gopd@https://registry.npmjs.org/gopd/-/gopd-1.2.0.tgz. Extracting by manifest.
375 silly tarball no local data for es-object-atoms@https://registry.npmjs.org/es-object-atoms/-/es-object-atoms-1.1.1.tgz. Extracting by manifest.
376 silly tarball no local data for es-define-property@https://registry.npmjs.org/es-define-property/-/es-define-property-1.0.1.tgz. Extracting by manifest.
377 silly tarball no local data for function-bind@https://registry.npmjs.org/function-bind/-/function-bind-1.1.2.tgz. Extracting by manifest.
378 silly tarball no local data for call-bind-apply-helpers@https://registry.npmjs.org/call-bind-apply-helpers/-/call-bind-apply-helpers-1.0.2.tgz. Extracting by manifest.
379 silly tarball no local data for get-intrinsic@https://registry.npmjs.org/get-intrinsic/-/get-intrinsic-1.3.0.tgz. Extracting by manifest.
380 silly tarball no local data for call-bound@https://registry.npmjs.org/call-bound/-/call-bound-1.0.4.tgz. Extracting by manifest.
381 silly tarball no local data for side-channel-weakmap@https://registry.npmjs.org/side-channel-weakmap/-/side-channel-weakmap-1.0.2.tgz. Extracting by manifest.
382 silly tarball no local data for side-channel-map@https://registry.npmjs.org/side-channel-map/-/side-channel-map-1.0.1.tgz. Extracting by manifest.
383 silly tarball no local data for side-channel-list@https://registry.npmjs.org/side-channel-list/-/side-channel-list-1.0.0.tgz. Extracting by manifest.
384 silly tarball no local data for object-inspect@https://registry.npmjs.org/object-inspect/-/object-inspect-1.13.4.tgz. Extracting by manifest.
385 silly tarball no local data for ipaddr.js@https://registry.npmjs.org/ipaddr.js/-/ipaddr.js-1.9.1.tgz. Extracting by manifest.
386 silly tarball no local data for es-errors@https://registry.npmjs.org/es-errors/-/es-errors-1.3.0.tgz. Extracting by manifest.
387 silly tarball no local data for mime@https://registry.npmjs.org/mime/-/mime-1.6.0.tgz. Extracting by manifest.
388 silly tarball no local data for side-channel@https://registry.npmjs.org/side-channel/-/side-channel-1.1.0.tgz. Extracting by manifest.
389 silly tarball no local data for forwarded@https://registry.npmjs.org/forwarded/-/forwarded-0.2.0.tgz. Extracting by manifest.
390 silly tarball no local data for ee-first@https://registry.npmjs.org/ee-first/-/ee-first-1.1.1.tgz. Extracting by manifest.
391 silly tarball no local data for node-domexception@https://registry.npmjs.org/node-domexception/-/node-domexception-1.0.0.tgz. Extracting by manifest.
392 silly tarball no local data for web-streams-polyfill@https://registry.npmjs.org/web-streams-polyfill/-/web-streams-polyfill-3.3.3.tgz. Extracting by manifest.
393 silly tarball no local data for fetch-blob@https://registry.npmjs.org/fetch-blob/-/fetch-blob-3.2.0.tgz. Extracting by manifest.
394 silly tarball no local data for data-uri-to-buffer@https://registry.npmjs.org/data-uri-to-buffer/-/data-uri-to-buffer-4.0.1.tgz. Extracting by manifest.
395 silly tarball no local data for mime-db@https://registry.npmjs.org/mime-db/-/mime-db-1.52.0.tgz. Extracting by manifest.
396 silly tarball no local data for safer-buffer@https://registry.npmjs.org/safer-buffer/-/safer-buffer-2.1.2.tgz. Extracting by manifest.
397 silly tarball no local data for inherits@https://registry.npmjs.org/inherits/-/inherits-2.0.4.tgz. Extracting by manifest.
398 silly tarball no local data for toidentifier@https://registry.npmjs.org/toidentifier/-/toidentifier-1.0.1.tgz. Extracting by manifest.
399 silly tarball no local data for unpipe@https://registry.npmjs.org/unpipe/-/unpipe-1.0.0.tgz. Extracting by manifest.
400 silly tarball no local data for raw-body@https://registry.npmjs.org/raw-body/-/raw-body-2.5.2.tgz. Extracting by manifest.
401 silly tarball no local data for formdata-polyfill@https://registry.npmjs.org/formdata-polyfill/-/formdata-polyfill-4.0.10.tgz. Extracting by manifest.
402 silly tarball no local data for iconv-lite@https://registry.npmjs.org/iconv-lite/-/iconv-lite-0.4.24.tgz. Extracting by manifest.
403 silly tarball no local data for destroy@https://registry.npmjs.org/destroy/-/destroy-1.2.0.tgz. Extracting by manifest.
404 silly tarball no local data for negotiator@https://registry.npmjs.org/negotiator/-/negotiator-0.6.3.tgz. Extracting by manifest.
405 silly tarball no local data for bytes@https://registry.npmjs.org/bytes/-/bytes-3.1.2.tgz. Extracting by manifest.
406 silly tarball no local data for mime-types@https://registry.npmjs.org/mime-types/-/mime-types-2.1.35.tgz. Extracting by manifest.
407 silly tarball no local data for ms@https://registry.npmjs.org/ms/-/ms-2.0.0.tgz. Extracting by manifest.
408 silly tarball no local data for type-is@https://registry.npmjs.org/type-is/-/type-is-1.6.18.tgz. Extracting by manifest.
409 silly tarball no local data for utils-merge@https://registry.npmjs.org/utils-merge/-/utils-merge-1.0.1.tgz. Extracting by manifest.
410 silly tarball no local data for statuses@https://registry.npmjs.org/statuses/-/statuses-2.0.1.tgz. Extracting by manifest.
411 silly tarball no local data for range-parser@https://registry.npmjs.org/range-parser/-/range-parser-1.2.1.tgz. Extracting by manifest.
412 silly tarball no local data for setprototypeof@https://registry.npmjs.org/setprototypeof/-/setprototypeof-1.2.0.tgz. Extracting by manifest.
413 silly tarball no local data for send@https://registry.npmjs.org/send/-/send-0.19.0.tgz. Extracting by manifest.
414 silly tarball no local data for safe-buffer@https://registry.npmjs.org/safe-buffer/-/safe-buffer-5.2.1.tgz. Extracting by manifest.
415 silly tarball no local data for qs@https://registry.npmjs.org/qs/-/qs-6.13.0.tgz. Extracting by manifest.
416 silly tarball no local data for proxy-addr@https://registry.npmjs.org/proxy-addr/-/proxy-addr-2.0.7.tgz. Extracting by manifest.
417 silly tarball no local data for path-to-regexp@https://registry.npmjs.org/path-to-regexp/-/path-to-regexp-0.1.12.tgz. Extracting by manifest.
418 silly tarball no local data for parseurl@https://registry.npmjs.org/parseurl/-/parseurl-1.3.3.tgz. Extracting by manifest.
419 silly tarball no local data for on-finished@https://registry.npmjs.org/on-finished/-/on-finished-2.4.1.tgz. Extracting by manifest.
420 silly tarball no local data for methods@https://registry.npmjs.org/methods/-/methods-1.1.2.tgz. Extracting by manifest.
421 silly tarball no local data for http-errors@https://registry.npmjs.org/http-errors/-/http-errors-2.0.0.tgz. Extracting by manifest.
422 silly tarball no local data for merge-descriptors@https://registry.npmjs.org/merge-descriptors/-/merge-descriptors-1.0.3.tgz. Extracting by manifest.
423 silly tarball no local data for fresh@https://registry.npmjs.org/fresh/-/fresh-0.5.2.tgz. Extracting by manifest.
424 silly tarball no local data for finalhandler@https://registry.npmjs.org/finalhandler/-/finalhandler-1.3.1.tgz. Extracting by manifest.
425 silly tarball no local data for etag@https://registry.npmjs.org/etag/-/etag-1.8.1.tgz. Extracting by manifest.
426 silly tarball no local data for escape-html@https://registry.npmjs.org/escape-html/-/escape-html-1.0.3.tgz. Extracting by manifest.
427 silly tarball no local data for encodeurl@https://registry.npmjs.org/encodeurl/-/encodeurl-2.0.0.tgz. Extracting by manifest.
428 silly tarball no local data for depd@https://registry.npmjs.org/depd/-/depd-2.0.0.tgz. Extracting by manifest.
429 silly tarball no local data for debug@https://registry.npmjs.org/debug/-/debug-2.6.9.tgz. Extracting by manifest.
430 silly tarball no local data for cookie-signature@https://registry.npmjs.org/cookie-signature/-/cookie-signature-1.0.6.tgz. Extracting by manifest.
431 silly tarball no local data for cookie@https://registry.npmjs.org/cookie/-/cookie-0.7.1.tgz. Extracting by manifest.
432 silly tarball no local data for content-type@https://registry.npmjs.org/content-type/-/content-type-1.0.5.tgz. Extracting by manifest.
433 silly tarball no local data for content-disposition@https://registry.npmjs.org/content-disposition/-/content-disposition-0.5.4.tgz. Extracting by manifest.
434 silly tarball no local data for body-parser@https://registry.npmjs.org/body-parser/-/body-parser-1.20.3.tgz. Extracting by manifest.
435 silly tarball no local data for array-flatten@https://registry.npmjs.org/array-flatten/-/array-flatten-1.1.1.tgz. Extracting by manifest.
436 silly tarball no local data for accepts@https://registry.npmjs.org/accepts/-/accepts-1.3.8.tgz. Extracting by manifest.
437 silly tarball no local data for vary@https://registry.npmjs.org/vary/-/vary-1.1.2.tgz. Extracting by manifest.
438 silly tarball no local data for object-assign@https://registry.npmjs.org/object-assign/-/object-assign-4.1.1.tgz. Extracting by manifest.
439 silly tarball no local data for node-fetch@https://registry.npmjs.org/node-fetch/-/node-fetch-3.3.2.tgz. Extracting by manifest.
440 silly tarball no local data for express@https://registry.npmjs.org/express/-/express-4.21.2.tgz. Extracting by manifest.
441 silly tarball no local data for cors@https://registry.npmjs.org/cors/-/cors-2.8.5.tgz. Extracting by manifest.
442 silly tarball no local data for ms@https://registry.npmjs.org/ms/-/ms-2.1.3.tgz. Extracting by manifest.
443 silly tarball no local data for dotenv@https://registry.npmjs.org/dotenv/-/dotenv-16.6.1.tgz. Extracting by manifest.
444 silly tarball no local data for encodeurl@https://registry.npmjs.org/encodeurl/-/encodeurl-1.0.2.tgz. Extracting by manifest.
445 silly tarball no local data for serve-static@https://registry.npmjs.org/serve-static/-/serve-static-1.16.2.tgz. Extracting by manifest.
446 http fetch POST 200 https://registry.npmjs.org/-/npm/v1/security/advisories/bulk 134ms
447 timing auditReport:getReport Completed in 137ms
448 silly audit report {}
449 timing auditReport:init Completed in 0ms
450 timing reify:audit Completed in 137ms
451 http fetch GET 200 https://registry.npmjs.org/get-proto/-/get-proto-1.0.1.tgz 481ms (cache miss)
452 http fetch GET 200 https://registry.npmjs.org/has-symbols/-/has-symbols-1.1.0.tgz 482ms (cache miss)
453 http fetch GET 200 https://registry.npmjs.org/media-typer/-/media-typer-0.3.0.tgz 518ms (cache miss)
454 timing reifyNode:node_modules/media-typer Completed in 540ms
455 http fetch GET 200 https://registry.npmjs.org/es-object-atoms/-/es-object-atoms-1.1.1.tgz 519ms (cache miss)
456 timing reifyNode:node_modules/get-proto Completed in 544ms
457 http fetch GET 200 https://registry.npmjs.org/hasown/-/hasown-2.0.2.tgz 523ms (cache miss)
458 timing reifyNode:node_modules/hasown Completed in 544ms
459 http fetch GET 200 https://registry.npmjs.org/get-intrinsic/-/get-intrinsic-1.3.0.tgz 519ms (cache miss)
460 timing reifyNode:node_modules/get-intrinsic Completed in 546ms
461 timing reifyNode:node_modules/es-object-atoms Completed in 546ms
462 timing reifyNode:node_modules/has-symbols Completed in 546ms
463 http fetch GET 200 https://registry.npmjs.org/gopd/-/gopd-1.2.0.tgz 524ms (cache miss)
464 timing reifyNode:node_modules/gopd Completed in 548ms
465 http fetch GET 200 https://registry.npmjs.org/call-bound/-/call-bound-1.0.4.tgz 522ms (cache miss)
466 timing reifyNode:node_modules/call-bound Completed in 548ms
467 http fetch GET 200 https://registry.npmjs.org/es-define-property/-/es-define-property-1.0.1.tgz 524ms (cache miss)
468 timing reifyNode:node_modules/es-define-property Completed in 549ms
469 http fetch GET 200 https://registry.npmjs.org/call-bind-apply-helpers/-/call-bind-apply-helpers-1.0.2.tgz 526ms (cache miss)
470 http fetch GET 200 https://registry.npmjs.org/dunder-proto/-/dunder-proto-1.0.1.tgz 530ms (cache miss)
471 timing reifyNode:node_modules/dunder-proto Completed in 552ms
472 timing reifyNode:node_modules/call-bind-apply-helpers Completed in 553ms
473 http fetch GET 200 https://registry.npmjs.org/function-bind/-/function-bind-1.1.2.tgz 527ms (cache miss)
474 timing reifyNode:node_modules/function-bind Completed in 554ms
475 http fetch GET 200 https://registry.npmjs.org/side-channel-list/-/side-channel-list-1.0.0.tgz 527ms (cache miss)
476 timing reifyNode:node_modules/side-channel-list Completed in 555ms
477 http fetch GET 200 https://registry.npmjs.org/math-intrinsics/-/math-intrinsics-1.1.0.tgz 540ms (cache miss)
478 http fetch GET 200 https://registry.npmjs.org/send/-/send-0.19.0.tgz 520ms (cache miss)
479 timing reifyNode:node_modules/send Completed in 563ms
480 timing reifyNode:node_modules/math-intrinsics Completed in 565ms
481 http fetch GET 200 https://registry.npmjs.org/setprototypeof/-/setprototypeof-1.2.0.tgz 526ms (cache miss)
482 timing reifyNode:node_modules/setprototypeof Completed in 568ms
483 http fetch GET 200 https://registry.npmjs.org/safer-buffer/-/safer-buffer-2.1.2.tgz 534ms (cache miss)
484 timing reifyNode:node_modules/safer-buffer Completed in 572ms
485 http fetch GET 200 https://registry.npmjs.org/raw-body/-/raw-body-2.5.2.tgz 560ms (cache miss)
486 timing reifyNode:node_modules/raw-body Completed in 598ms
487 http fetch GET 200 https://registry.npmjs.org/object-inspect/-/object-inspect-1.13.4.tgz 670ms (cache miss)
488 timing reifyNode:node_modules/object-inspect Completed in 699ms
489 http fetch GET 200 https://registry.npmjs.org/merge-descriptors/-/merge-descriptors-1.0.3.tgz 662ms (cache miss)
490 timing reifyNode:node_modules/merge-descriptors Completed in 710ms
491 http fetch GET 200 https://registry.npmjs.org/utils-merge/-/utils-merge-1.0.1.tgz 669ms (cache miss)
492 timing reifyNode:node_modules/utils-merge Completed in 711ms
493 http fetch GET 200 https://registry.npmjs.org/toidentifier/-/toidentifier-1.0.1.tgz 674ms (cache miss)
494 timing reifyNode:node_modules/toidentifier Completed in 712ms
495 http fetch GET 200 https://registry.npmjs.org/destroy/-/destroy-1.2.0.tgz 673ms (cache miss)
496 timing reifyNode:node_modules/destroy Completed in 713ms
497 http fetch GET 200 https://registry.npmjs.org/array-flatten/-/array-flatten-1.1.1.tgz 661ms (cache miss)
498 timing reifyNode:node_modules/array-flatten Completed in 714ms
499 http fetch GET 200 https://registry.npmjs.org/side-channel-weakmap/-/side-channel-weakmap-1.0.2.tgz 691ms (cache miss)
500 http fetch GET 200 https://registry.npmjs.org/encodeurl/-/encodeurl-2.0.0.tgz 666ms (cache miss)
501 timing reifyNode:node_modules/encodeurl Completed in 717ms
502 http fetch GET 200 https://registry.npmjs.org/mime-types/-/mime-types-2.1.35.tgz 677ms (cache miss)
503 timing reifyNode:node_modules/mime-types Completed in 717ms
504 http fetch GET 200 https://registry.npmjs.org/encodeurl/-/encodeurl-1.0.2.tgz 662ms (cache miss)
505 timing reifyNode:node_modules/send/node_modules/encodeurl Completed in 718ms
506 http fetch GET 200 https://registry.npmjs.org/data-uri-to-buffer/-/data-uri-to-buffer-4.0.1.tgz 683ms (cache miss)
507 timing reifyNode:node_modules/data-uri-to-buffer Completed in 719ms
508 http fetch GET 200 https://registry.npmjs.org/cors/-/cors-2.8.5.tgz 664ms (cache miss)
509 timing reifyNode:node_modules/cors Completed in 718ms
510 http fetch GET 200 https://registry.npmjs.org/escape-html/-/escape-html-1.0.3.tgz 669ms (cache miss)
511 timing reifyNode:node_modules/escape-html Completed in 719ms
512 http fetch GET 200 https://registry.npmjs.org/unpipe/-/unpipe-1.0.0.tgz 682ms (cache miss)
513 timing reifyNode:node_modules/unpipe Completed in 720ms
514 http fetch GET 200 https://registry.npmjs.org/content-type/-/content-type-1.0.5.tgz 669ms (cache miss)
515 timing reifyNode:node_modules/content-type Completed in 720ms
516 http fetch GET 200 https://registry.npmjs.org/cookie-signature/-/cookie-signature-1.0.6.tgz 669ms (cache miss)
517 timing reifyNode:node_modules/cookie-signature Completed in 720ms
518 http fetch GET 200 https://registry.npmjs.org/http-errors/-/http-errors-2.0.0.tgz 673ms (cache miss)
519 timing reifyNode:node_modules/http-errors Completed in 721ms
520 http fetch GET 200 https://registry.npmjs.org/range-parser/-/range-parser-1.2.1.tgz 679ms (cache miss)
521 timing reifyNode:node_modules/range-parser Completed in 721ms
522 http fetch GET 200 https://registry.npmjs.org/path-to-regexp/-/path-to-regexp-0.1.12.tgz 678ms (cache miss)
523 timing reifyNode:node_modules/path-to-regexp Completed in 722ms
524 http fetch GET 200 https://registry.npmjs.org/object-assign/-/object-assign-4.1.1.tgz 668ms (cache miss)
525 timing reifyNode:node_modules/object-assign Completed in 721ms
526 http fetch GET 200 https://registry.npmjs.org/ms/-/ms-2.1.3.tgz 667ms (cache miss)
527 timing reifyNode:node_modules/send/node_modules/ms Completed in 723ms
528 http fetch GET 200 https://registry.npmjs.org/methods/-/methods-1.1.2.tgz 676ms (cache miss)
529 timing reifyNode:node_modules/methods Completed in 723ms
530 http fetch GET 200 https://registry.npmjs.org/bytes/-/bytes-3.1.2.tgz 684ms (cache miss)
531 timing reifyNode:node_modules/bytes Completed in 723ms
532 http fetch GET 200 https://registry.npmjs.org/proxy-addr/-/proxy-addr-2.0.7.tgz 681ms (cache miss)
533 timing reifyNode:node_modules/proxy-addr Completed in 724ms
534 http fetch GET 200 https://registry.npmjs.org/content-disposition/-/content-disposition-0.5.4.tgz 671ms (cache miss)
535 timing reifyNode:node_modules/content-disposition Completed in 723ms
536 http fetch GET 200 https://registry.npmjs.org/parseurl/-/parseurl-1.3.3.tgz 679ms (cache miss)
537 timing reifyNode:node_modules/parseurl Completed in 725ms
538 http fetch GET 200 https://registry.npmjs.org/side-channel-map/-/side-channel-map-1.0.1.tgz 699ms (cache miss)
539 timing reifyNode:node_modules/side-channel-map Completed in 726ms
540 http fetch GET 200 https://registry.npmjs.org/forwarded/-/forwarded-0.2.0.tgz 695ms (cache miss)
541 timing reifyNode:node_modules/forwarded Completed in 726ms
542 timing reifyNode:node_modules/side-channel-weakmap Completed in 726ms
543 http fetch GET 200 https://registry.npmjs.org/ee-first/-/ee-first-1.1.1.tgz 695ms (cache miss)
544 timing reifyNode:node_modules/ee-first Completed in 728ms
545 http fetch GET 200 https://registry.npmjs.org/formdata-polyfill/-/formdata-polyfill-4.0.10.tgz 689ms (cache miss)
546 timing reifyNode:node_modules/formdata-polyfill Completed in 728ms
547 http fetch GET 200 https://registry.npmjs.org/fresh/-/fresh-0.5.2.tgz 679ms (cache miss)
548 timing reifyNode:node_modules/fresh Completed in 728ms
549 http fetch GET 200 https://registry.npmjs.org/on-finished/-/on-finished-2.4.1.tgz 682ms (cache miss)
550 timing reifyNode:node_modules/on-finished Completed in 729ms
551 http fetch GET 200 https://registry.npmjs.org/vary/-/vary-1.1.2.tgz 675ms (cache miss)
552 timing reifyNode:node_modules/vary Completed in 728ms
553 http fetch GET 200 https://registry.npmjs.org/statuses/-/statuses-2.0.1.tgz 688ms (cache miss)
554 timing reifyNode:node_modules/statuses Completed in 729ms
555 http fetch GET 200 https://registry.npmjs.org/etag/-/etag-1.8.1.tgz 679ms (cache miss)
556 timing reifyNode:node_modules/etag Completed in 729ms
557 http fetch GET 200 https://registry.npmjs.org/ipaddr.js/-/ipaddr.js-1.9.1.tgz 702ms (cache miss)
558 timing reifyNode:node_modules/ipaddr.js Completed in 732ms
559 http fetch GET 200 https://registry.npmjs.org/fetch-blob/-/fetch-blob-3.2.0.tgz 698ms (cache miss)
560 timing reifyNode:node_modules/fetch-blob Completed in 733ms
561 http fetch GET 200 https://registry.npmjs.org/accepts/-/accepts-1.3.8.tgz 679ms (cache miss)
562 timing reifyNode:node_modules/accepts Completed in 732ms
563 http fetch GET 200 https://registry.npmjs.org/type-is/-/type-is-1.6.18.tgz 692ms (cache miss)
564 timing reifyNode:node_modules/type-is Completed in 733ms
565 http fetch GET 200 https://registry.npmjs.org/cookie/-/cookie-0.7.1.tgz 681ms (cache miss)
566 timing reifyNode:node_modules/cookie Completed in 732ms
567 http fetch GET 200 https://registry.npmjs.org/safe-buffer/-/safe-buffer-5.2.1.tgz 693ms (cache miss)
568 timing reifyNode:node_modules/safe-buffer Completed in 737ms
569 http fetch GET 200 https://registry.npmjs.org/serve-static/-/serve-static-1.16.2.tgz 680ms (cache miss)
570 timing reifyNode:node_modules/serve-static Completed in 738ms
571 http fetch GET 200 https://registry.npmjs.org/depd/-/depd-2.0.0.tgz 689ms (cache miss)
572 timing reifyNode:node_modules/depd Completed in 739ms
573 http fetch GET 200 https://registry.npmjs.org/finalhandler/-/finalhandler-1.3.1.tgz 691ms (cache miss)
574 timing reifyNode:node_modules/finalhandler Completed in 740ms
575 http fetch GET 200 https://registry.npmjs.org/inherits/-/inherits-2.0.4.tgz 704ms (cache miss)
576 timing reifyNode:node_modules/inherits Completed in 742ms
577 http fetch GET 200 https://registry.npmjs.org/negotiator/-/negotiator-0.6.3.tgz 702ms (cache miss)
578 timing reifyNode:node_modules/negotiator Completed in 741ms
579 http fetch GET 200 https://registry.npmjs.org/ms/-/ms-2.0.0.tgz 703ms (cache miss)
580 timing reifyNode:node_modules/ms Completed in 744ms
581 http fetch GET 200 https://registry.npmjs.org/es-errors/-/es-errors-1.3.0.tgz 715ms (cache miss)
582 timing reifyNode:node_modules/es-errors Completed in 745ms
583 http fetch GET 200 https://registry.npmjs.org/side-channel/-/side-channel-1.1.0.tgz 714ms (cache miss)
584 timing reifyNode:node_modules/side-channel Completed in 745ms
585 http fetch GET 200 https://registry.npmjs.org/debug/-/debug-2.6.9.tgz 698ms (cache miss)
586 timing reifyNode:node_modules/debug Completed in 749ms
587 http fetch GET 200 https://registry.npmjs.org/mime-db/-/mime-db-1.52.0.tgz 715ms (cache miss)
588 timing reifyNode:node_modules/mime-db Completed in 751ms
589 http fetch GET 200 https://registry.npmjs.org/mime/-/mime-1.6.0.tgz 720ms (cache miss)
590 timing reifyNode:node_modules/mime Completed in 751ms
591 http fetch GET 200 https://registry.npmjs.org/body-parser/-/body-parser-1.20.3.tgz 698ms (cache miss)
592 timing reifyNode:node_modules/body-parser Completed in 750ms
593 http fetch GET 200 https://registry.npmjs.org/dotenv/-/dotenv-16.6.1.tgz 696ms (cache miss)
594 timing reifyNode:node_modules/dotenv Completed in 752ms
595 http fetch GET 200 https://registry.npmjs.org/qs/-/qs-6.13.0.tgz 712ms (cache miss)
596 timing reifyNode:node_modules/qs Completed in 756ms
597 http fetch GET 200 https://registry.npmjs.org/node-domexception/-/node-domexception-1.0.0.tgz 723ms (cache miss)
598 warn deprecated node-domexception@1.0.0: Use your platform's native DOMException instead
599 timing reifyNode:node_modules/node-domexception Completed in 759ms
600 http fetch GET 200 https://registry.npmjs.org/node-fetch/-/node-fetch-3.3.2.tgz 706ms (cache miss)
601 timing reifyNode:node_modules/node-fetch Completed in 760ms
602 http fetch GET 200 https://registry.npmjs.org/express/-/express-4.21.2.tgz 709ms (cache miss)
603 timing reifyNode:node_modules/express Completed in 764ms
604 http fetch GET 200 https://registry.npmjs.org/iconv-lite/-/iconv-lite-0.4.24.tgz 733ms (cache miss)
605 timing reifyNode:node_modules/iconv-lite Completed in 772ms
606 http fetch GET 200 https://registry.npmjs.org/web-streams-polyfill/-/web-streams-polyfill-3.3.3.tgz 805ms (cache miss)
607 timing reifyNode:node_modules/web-streams-polyfill Completed in 840ms
608 timing reify:unpack Completed in 842ms
609 timing reify:unretire Completed in 1ms
610 timing build:queue Completed in 2ms
611 timing build:link:node_modules/mime Completed in 1ms
612 timing build:link Completed in 1ms
613 timing build:deps Completed in 3ms
614 timing build Completed in 3ms
615 timing reify:build Completed in 3ms
616 timing reify:trash Completed in 0ms
617 timing reify:save Completed in 17ms
618 timing reify Completed in 3242ms
619 silly ADD node_modules/media-typer
620 silly ADD node_modules/dunder-proto
621 silly ADD node_modules/math-intrinsics
622 silly ADD node_modules/hasown
623 silly ADD node_modules/has-symbols
624 silly ADD node_modules/gopd
625 silly ADD node_modules/get-proto
626 silly ADD node_modules/es-object-atoms
627 silly ADD node_modules/es-define-property
628 silly ADD node_modules/function-bind
629 silly ADD node_modules/call-bind-apply-helpers
630 silly ADD node_modules/get-intrinsic
631 silly ADD node_modules/call-bound
632 silly ADD node_modules/side-channel-weakmap
633 silly ADD node_modules/side-channel-map
634 silly ADD node_modules/side-channel-list
635 silly ADD node_modules/object-inspect
636 silly ADD node_modules/es-errors
637 silly ADD node_modules/mime
638 silly ADD node_modules/side-channel
639 silly ADD node_modules/ipaddr.js
640 silly ADD node_modules/forwarded
641 silly ADD node_modules/ee-first
642 silly ADD node_modules/web-streams-polyfill
643 silly ADD node_modules/node-domexception
644 silly ADD node_modules/formdata-polyfill
645 silly ADD node_modules/fetch-blob
646 silly ADD node_modules/data-uri-to-buffer
647 silly ADD node_modules/mime-db
648 silly ADD node_modules/safer-buffer
649 silly ADD node_modules/toidentifier
650 silly ADD node_modules/inherits
651 silly ADD node_modules/ms
652 silly ADD node_modules/unpipe
653 silly ADD node_modules/raw-body
654 silly ADD node_modules/iconv-lite
655 silly ADD node_modules/destroy
656 silly ADD node_modules/bytes
657 silly ADD node_modules/negotiator
658 silly ADD node_modules/mime-types
659 silly ADD node_modules/utils-merge
660 silly ADD node_modules/type-is
661 silly ADD node_modules/statuses
662 silly ADD node_modules/setprototypeof
663 silly ADD node_modules/serve-static
664 silly ADD node_modules/send
665 silly ADD node_modules/send/node_modules/ms
666 silly ADD node_modules/send/node_modules/encodeurl
667 silly ADD node_modules/safe-buffer
668 silly ADD node_modules/range-parser
669 silly ADD node_modules/qs
670 silly ADD node_modules/proxy-addr
671 silly ADD node_modules/path-to-regexp
672 silly ADD node_modules/parseurl
673 silly ADD node_modules/on-finished
674 silly ADD node_modules/methods
675 silly ADD node_modules/merge-descriptors
676 silly ADD node_modules/http-errors
677 silly ADD node_modules/fresh
678 silly ADD node_modules/finalhandler
679 silly ADD node_modules/etag
680 silly ADD node_modules/escape-html
681 silly ADD node_modules/encodeurl
682 silly ADD node_modules/depd
683 silly ADD node_modules/debug
684 silly ADD node_modules/cookie-signature
685 silly ADD node_modules/cookie
686 silly ADD node_modules/content-type
687 silly ADD node_modules/content-disposition
688 silly ADD node_modules/body-parser
689 silly ADD node_modules/array-flatten
690 silly ADD node_modules/accepts
691 silly ADD node_modules/vary
692 silly ADD node_modules/object-assign
693 silly ADD node_modules/node-fetch
694 silly ADD node_modules/express
695 silly ADD node_modules/dotenv
696 silly ADD node_modules/cors
697 timing command:install Completed in 3249ms
698 notice
698 notice New [31mmajor[39m version of npm available! [31m10.2.4[39m -> [32m11.6.2[39m
698 notice Changelog: [36mhttps://github.com/npm/cli/releases/tag/v11.6.2[39m
698 notice Run [32mnpm install -g npm@11.6.2[39m to update!
698 notice
699 verbose exit 0
700 timing npm Completed in 3461ms
701 info ok
