0 verbose cli /usr/local/bin/node /usr/local/bin/npm
1 info using npm@10.2.4
2 info using node@v20.11.1
3 timing npm:load:whichnode Completed in 0ms
4 timing config:load:defaults Completed in 1ms
5 timing config:load:file:/usr/local/lib/node_modules/npm/npmrc Completed in 0ms
6 timing config:load:builtin Completed in 0ms
7 timing config:load:cli Completed in 2ms
8 timing config:load:env Completed in 0ms
9 timing config:load:file:/Users/aashnakunkolienker/Library/Caches/typescript/5.9/.npmrc Completed in 0ms
10 timing config:load:project Completed in 0ms
11 timing config:load:file:/Users/aashnakunkolienker/.npmrc Completed in 1ms
12 timing config:load:user Completed in 2ms
13 timing config:load:file:/usr/local/etc/npmrc Completed in 0ms
14 timing config:load:global Completed in 0ms
15 timing config:load:setEnvs Completed in 0ms
16 timing config:load Completed in 6ms
17 timing npm:load:configload Completed in 7ms
18 timing config:load:flatten Completed in 1ms
19 timing npm:load:mkdirpcache Completed in 0ms
20 timing npm:load:mkdirplogs Completed in 0ms
21 verbose title npm install @types/express@ts5.9
22 verbose argv "install" "--ignore-scripts" "@types/express@ts5.9" "--save-dev" "--user-agent" "typesInstaller/5.9.2"
23 timing npm:load:setTitle Completed in 8ms
24 timing npm:load:display Completed in 1ms
25 verbose logfile logs-max:10 dir:/Users/aashnakunkolienker/terminal_resume/.npm-cache/_logs/2025-11-09T00_09_49_407Z-
26 verbose logfile /Users/aashnakunkolienker/terminal_resume/.npm-cache/_logs/2025-11-09T00_09_49_407Z-debug-0.log
27 timing npm:load:logFile Completed in 6ms
28 timing npm:load:timers Completed in 0ms
29 timing npm:load:configScope Completed in 0ms
30 timing npm:load Completed in 33ms
31 timing arborist:ctor Completed in 1ms
32 silly logfile done cleaning log files
33 timing idealTree:init Completed in 26ms
34 timing arborist:ctor Completed in 1ms
35 http fetch GET 200 https://registry.npmjs.org/@types%2fexpress 215ms (cache miss)
36 timing idealTree:userRequests Completed in 218ms
37 silly idealTree buildDeps
38 silly fetch manifest @types/express@5.0.5
39 silly placeDep ROOT @types/express@5.0.5 REPLACE for:  want: 5.0.5
40 timing idealTree:#root Completed in 4ms
41 timing idealTree:node_modules/@types/express Completed in 1ms
42 timing idealTree:buildDeps Completed in 5ms
43 timing idealTree:fixDepFlags Completed in 0ms
44 timing idealTree Completed in 250ms
45 timing reify:loadTrees Completed in 251ms
46 timing reify:diffTrees Completed in 1ms
47 silly reify mark retired [
47 silly reify   '/Users/aashnakunkolienker/Library/Caches/typescript/5.9/node_modules/@types/express'
47 silly reify ]
48 silly reify moves {
48 silly reify   '/Users/aashnakunkolienker/Library/Caches/typescript/5.9/node_modules/@types/express': '/Users/aashnakunkolienker/Library/Caches/typescript/5.9/node_modules/@types/.express-R8eWUYYz'
48 silly reify }
49 timing reify:retireShallow Completed in 2ms
50 timing reify:createSparse Completed in 0ms
51 timing reify:loadBundles Completed in 0ms
52 silly audit bulk request {
52 silly audit   '@types/body-parser': [ '1.19.6' ],
52 silly audit   '@types/connect': [ '3.4.38' ],
52 silly audit   '@types/cors': [ '2.8.19' ],
52 silly audit   '@types/express-serve-static-core': [ '5.0.7' ],
52 silly audit   '@types/http-errors': [ '2.0.5' ],
52 silly audit   '@types/mime': [ '1.3.5' ],
52 silly audit   '@types/node': [ '24.5.2' ],
52 silly audit   '@types/node-fetch': [ '2.6.13' ],
52 silly audit   '@types/qs': [ '6.14.0' ],
52 silly audit   '@types/range-parser': [ '1.2.7' ],
52 silly audit   '@types/react': [ '19.2.2' ],
52 silly audit   '@types/react-dom': [ '19.2.2' ],
52 silly audit   '@types/send': [ '0.17.5' ],
52 silly audit   '@types/serve-static': [ '1.15.8' ],
52 silly audit   '@types/turndown': [ '5.0.6' ],
52 silly audit   asynckit: [ '0.4.0' ],
52 silly audit   'call-bind-apply-helpers': [ '1.0.2' ],
52 silly audit   'combined-stream': [ '1.0.8' ],
52 silly audit   csstype: [ '3.1.3' ],
52 silly audit   'delayed-stream': [ '1.0.0' ],
52 silly audit   'dunder-proto': [ '1.0.1' ],
52 silly audit   'es-define-property': [ '1.0.1' ],
52 silly audit   'es-errors': [ '1.3.0' ],
52 silly audit   'es-object-atoms': [ '1.1.1' ],
52 silly audit   'es-set-tostringtag': [ '2.1.0' ],
52 silly audit   'form-data': [ '4.0.4' ],
52 silly audit   'function-bind': [ '1.1.2' ],
52 silly audit   'get-intrinsic': [ '1.3.0' ],
52 silly audit   'get-proto': [ '1.0.1' ],
52 silly audit   gopd: [ '1.2.0' ],
52 silly audit   'has-symbols': [ '1.1.0' ],
52 silly audit   'has-tostringtag': [ '1.0.2' ],
52 silly audit   hasown: [ '2.0.2' ],
52 silly audit   'math-intrinsics': [ '1.1.0' ],
52 silly audit   'mime-db': [ '1.52.0' ],
52 silly audit   'mime-types': [ '2.1.35' ],
52 silly audit   'types-registry': [ '0.1.745' ],
52 silly audit   'undici-types': [ '7.12.0' ],
52 silly audit   '@types/express': [ '5.0.5' ]
52 silly audit }
53 silly tarball no local data for @types/express@https://registry.npmjs.org/@types/express/-/express-5.0.5.tgz. Extracting by manifest.
54 http fetch POST 200 https://registry.npmjs.org/-/npm/v1/security/advisories/bulk 92ms
55 timing auditReport:getReport Completed in 93ms
56 silly audit report {}
57 timing auditReport:init Completed in 0ms
58 timing reify:audit Completed in 94ms
59 http fetch GET 200 https://registry.npmjs.org/@types/express/-/express-5.0.5.tgz 151ms (cache miss)
60 timing reifyNode:node_modules/@types/express Completed in 157ms
61 timing reify:unpack Completed in 157ms
62 timing reify:unretire Completed in 0ms
63 timing build:queue Completed in 0ms
64 timing build:deps Completed in 0ms
65 timing build Completed in 0ms
66 timing reify:build Completed in 0ms
67 timing reify:trash Completed in 2ms
68 timing reify:save Completed in 12ms
69 timing reify Completed in 439ms
70 silly CHANGE node_modules/@types/express
71 timing command:install Completed in 443ms
72 verbose exit 0
73 timing npm Completed in 650ms
74 info ok
